<?xml version="1.0" encoding="UTF-8"?>
<testng-results skipped="0" failed="0" ignored="0" total="1" passed="1">
  <reporter-output>
  </reporter-output>
  <suite name="Default suite" duration-ms="17007" started-at="2019-08-25T16:45:27Z" finished-at="2019-08-25T16:45:44Z">
    <groups>
    </groups>
    <test name="Default test" duration-ms="17007" started-at="2019-08-25T16:45:27Z" finished-at="2019-08-25T16:45:44Z">
      <class name="test.NewAccountTest">
        <test-method status="PASS" signature="OpenANewAccount()[pri:0, instance:test.NewAccountTest@29a5f4e7]" name="OpenANewAccount" duration-ms="16969" started-at="2019-08-25T16:45:27Z" finished-at="2019-08-25T16:45:44Z">
          <reporter-output>
          </reporter-output>
        </test-method> <!-- OpenANewAccount -->
      </class> <!-- test.NewAccountTest -->
    </test> <!-- Default test -->
  </suite> <!-- Default suite -->
</testng-results>
